<?xml version="1.0" encoding="UTF-8"?>
<testsuite name="projet.approche.objet.AppTest" tests="6" skipped="0" failures="0" errors="0" timestamp="2024-12-15T16:54:48" hostname="LAPTOP-H2MF1KJE" time="0.071">
  <properties/>
  <testcase name="testAdd()" classname="projet.approche.objet.AppTest" time="0.04"/>
  <testcase name="testToString()" classname="projet.approche.objet.AppTest" time="0.011"/>
  <testcase name="testEquals()" classname="projet.approche.objet.AppTest" time="0.002"/>
  <testcase name="testAddDifferentTypes()" classname="projet.approche.objet.AppTest" time="0.004"/>
  <testcase name="testToShortString()" classname="projet.approche.objet.AppTest" time="0.002"/>
  <testcase name="testConstructor()" classname="projet.approche.objet.AppTest" time="0.001"/>
  <system-out><![CDATA[]]></system-out>
  <system-err><![CDATA[]]></system-err>
</testsuite>
