<?xml version="1.0" encoding="UTF-8"?>
<testsuite name="projet.approche.objet.domain.valueObject.resource.ResourceAmountTest" tests="11" skipped="0" failures="0" errors="0" timestamp="2024-12-15T16:54:48" hostname="LAPTOP-H2MF1KJE" time="0.094">
  <properties/>
  <testcase name="testAdd()" classname="projet.approche.objet.domain.valueObject.resource.ResourceAmountTest" time="0.002"/>
  <testcase name="testSub()" classname="projet.approche.objet.domain.valueObject.resource.ResourceAmountTest" time="0.006"/>
  <testcase name="testIsLessOrEqual()" classname="projet.approche.objet.domain.valueObject.resource.ResourceAmountTest" time="0.005"/>
  <testcase name="testToString()" classname="projet.approche.objet.domain.valueObject.resource.ResourceAmountTest" time="0.02"/>
  <testcase name="testIsGreater()" classname="projet.approche.objet.domain.valueObject.resource.ResourceAmountTest" time="0.002"/>
  <testcase name="testConstructorNegative()" classname="projet.approche.objet.domain.valueObject.resource.ResourceAmountTest" time="0.005"/>
  <testcase name="testEquals()" classname="projet.approche.objet.domain.valueObject.resource.ResourceAmountTest" time="0.001"/>
  <testcase name="testIsLess()" classname="projet.approche.objet.domain.valueObject.resource.ResourceAmountTest" time="0.005"/>
  <testcase name="testToShortString()" classname="projet.approche.objet.domain.valueObject.resource.ResourceAmountTest" time="0.012"/>
  <testcase name="testConstructor()" classname="projet.approche.objet.domain.valueObject.resource.ResourceAmountTest" time="0.002"/>
  <testcase name="testIsGreaterOrEqual()" classname="projet.approche.objet.domain.valueObject.resource.ResourceAmountTest" time="0.003"/>
  <system-out><![CDATA[]]></system-out>
  <system-err><![CDATA[]]></system-err>
</testsuite>
