<?xml version="1.0" encoding="UTF-8"?>
<testsuite name="projet.approche.objet.domain.entities.building.BuildingTest" tests="11" skipped="0" failures="0" errors="0" timestamp="2024-12-15T16:54:48" hostname="LAPTOP-H2MF1KJE" time="0.096">
  <properties/>
  <testcase name="testUpdateBuilding()" classname="projet.approche.objet.domain.entities.building.BuildingTest" time="0.002"/>
  <testcase name="testUpgrade()" classname="projet.approche.objet.domain.entities.building.BuildingTest" time="0.054"/>
  <testcase name="testRemoveInhabitantFromBuilding()" classname="projet.approche.objet.domain.entities.building.BuildingTest" time="0.002"/>
  <testcase name="testUpdateBuildingProduction()" classname="projet.approche.objet.domain.entities.building.BuildingTest" time="0.008"/>
  <testcase name="testAddWorkerToBuilding()" classname="projet.approche.objet.domain.entities.building.BuildingTest" time="0.001"/>
  <testcase name="testStartBuildAlreadyStarted()" classname="projet.approche.objet.domain.entities.building.BuildingTest" time="0.003"/>
  <testcase name="testAddInhabitantToBuilding()" classname="projet.approche.objet.domain.entities.building.BuildingTest" time="0.001"/>
  <testcase name="testRemoveWorkerFromBuilding()" classname="projet.approche.objet.domain.entities.building.BuildingTest" time="0.002"/>
  <testcase name="testCanUpgrade()" classname="projet.approche.objet.domain.entities.building.BuildingTest" time="0.003"/>
  <testcase name="testStartBuild()" classname="projet.approche.objet.domain.entities.building.BuildingTest" time="0.004"/>
  <testcase name="testConstructor()" classname="projet.approche.objet.domain.entities.building.BuildingTest" time="0.001"/>
  <system-out><![CDATA[]]></system-out>
  <system-err><![CDATA[]]></system-err>
</testsuite>
