<?xml version="1.0" encoding="UTF-8"?>
<testsuite name="projet.approche.objet.application.ApplicationTest" tests="6" skipped="0" failures="0" errors="0" timestamp="2024-12-15T16:54:48" hostname="LAPTOP-H2MF1KJE" time="0.034">
  <properties/>
  <testcase name="testGetResourceQuantity()" classname="projet.approche.objet.application.ApplicationTest" time="0.02"/>
  <testcase name="testGetResourcesTypes()" classname="projet.approche.objet.application.ApplicationTest" time="0.002"/>
  <testcase name="testGetInHabitantsInBuildings()" classname="projet.approche.objet.application.ApplicationTest" time="0.001"/>
  <testcase name="testGetInhabitantsNumber()" classname="projet.approche.objet.application.ApplicationTest" time="0.002"/>
  <testcase name="testGetResourceProduction()" classname="projet.approche.objet.application.ApplicationTest" time="0.002"/>
  <testcase name="testGetWorkersNumber()" classname="projet.approche.objet.application.ApplicationTest" time="0.002"/>
  <system-out><![CDATA[]]></system-out>
  <system-err><![CDATA[]]></system-err>
</testsuite>
